Mon Oct 24 22:56:12 UTC 2022
8
GPU_ID=0,1,2,3
mpiexec -n 4 python scripts/image_train.py --data_dir datasets/sub_cifar_train --image_size 32 --num_channels 128 --num_res_blocks 3 --learn_sigma True --dropout 0.3 --diffusion_steps 4000 --noise_schedule cosine --save_interval 12800 --lr 1e-4 --batch_size 100
---------------------------------------------------------------
Mon Oct 24 22:59:33 UTC 2022
9
GPU_ID=0,1,2,3
mpiexec -n 4 python scripts/image_train.py --data_dir datasets/sub_cifar_train --image_size 32 --num_channels 128 --num_res_blocks 3 --learn_sigma True --dropout 0.3 --diffusion_steps 4000 --noise_schedule cosine --save_interval 12800 --lr 1e-4 --batch_size 100
---------------------------------------------------------------
Tue Oct 25 19:55:39 UTC 2022
10
GPU_ID=0,1,2,3
mpiexec -n 4 python scripts/image_train.py --data_dir datasets/sub_cifar_train --image_size 32 --num_channels 128 --num_res_blocks 3 --learn_sigma True --dropout 0.3 --diffusion_steps 4000 --noise_schedule cosine --save_interval 12800 --lr 1e-4 --batch_size 100 --learn_sigma False
---------------------------------------------------------------
Tue Oct 25 20:28:44 EDT 2022
11
GPU_ID=4
mpiexec -n 1 python scripts/image_train.py --data_dir datasets/sub_cifar_train --image_size 32 --num_channels 128 --num_res_blocks 3 --dropout 0.3 --learn_sigma True --diffusion_steps 4000 --noise_schedule cosine --save_interval 10000 --lr 1e-4 --batch_size 128 --microbatch -1 --class_cond False --mode adv --output_index True --output_class True --adv_noise_num 5000 --load_model True --model_path /egr/research-dselab/renjie3/renjie/improved-diffusion/results/9/ema_0.9999_115200.pt --adv_step 40
---------------------------------------------------------------
Tue Oct 25 20:30:06 EDT 2022
12
GPU_ID=4
mpiexec -n 1 python scripts/image_train.py --data_dir datasets/sub_cifar_train --image_size 32 --num_channels 128 --num_res_blocks 3 --dropout 0.3 --learn_sigma True --diffusion_steps 4000 --noise_schedule cosine --save_interval 10000 --lr 1e-4 --batch_size 128 --microbatch -1 --class_cond False --mode adv --output_index True --output_class True --adv_noise_num 5000 --load_model True --model_path /egr/research-dselab/renjie3/renjie/improved-diffusion/results/9/ema_0.9999_115200.pt --adv_step 40
---------------------------------------------------------------
Tue Oct 25 21:19:19 EDT 2022
13
GPU_ID=4
mpiexec -n 1 python scripts/image_train.py --data_dir datasets/sub_cifar_train --image_size 32 --num_channels 128 --num_res_blocks 3 --dropout 0.3 --learn_sigma True --diffusion_steps 4000 --noise_schedule cosine --save_interval 10000 --lr 1e-4 --batch_size 128 --microbatch -1 --class_cond False --mode adv --output_index True --output_class True --adv_noise_num 5000 --load_model True --model_path /egr/research-dselab/renjie3/renjie/improved-diffusion/results/9/ema_0.9999_115200.pt --adv_step 40
---------------------------------------------------------------
Tue Oct 25 22:48:13 EDT 2022
14
GPU_ID=4
mpiexec -n 1 python scripts/image_train.py --data_dir datasets/sub_cifar_train --image_size 32 --num_channels 128 --num_res_blocks 3 --dropout 0.3 --learn_sigma True --diffusion_steps 4000 --noise_schedule cosine --save_interval 10000 --lr 1e-4 --batch_size 128 --microbatch -1 --class_cond False --mode adv --output_index True --output_class True --adv_noise_num 5000 --load_model True --model_path /egr/research-dselab/renjie3/renjie/improved-diffusion/results/9/ema_0.9999_115200.pt --adv_step 40
---------------------------------------------------------------
Wed 26 Oct 2022 08:37:36 PM EDT
15
GPU_ID=4
mpiexec -n 1 python scripts/image_train.py --data_dir datasets/sub_cifar_train --image_size 32 --num_channels 128 --num_res_blocks 3 --dropout 0.3 --learn_sigma False --diffusion_steps 4000 --noise_schedule cosine --save_interval 10000 --lr 1e-4 --batch_size 128 --microbatch -1 --class_cond False --mode adv --output_index True --output_class True --adv_noise_num 5000 --load_model True --model_path /egr/research-dselab/renjie3/renjie/improved-diffusion/results/10/ema_0.9999_064000.pt --adv_step 30 --save_forward_clean_sample False
---------------------------------------------------------------
Wed 26 Oct 2022 09:00:32 PM EDT
16
GPU_ID=4
mpiexec -n 1 python scripts/image_train.py --data_dir datasets/sub_cifar_train --image_size 32 --num_channels 128 --num_res_blocks 3 --dropout 0.3 --learn_sigma False --diffusion_steps 4000 --noise_schedule cosine --save_interval 10000 --lr 1e-4 --batch_size 128 --microbatch -1 --class_cond False --mode adv --output_index True --output_class True --adv_noise_num 5000 --load_model True --model_path /egr/research-dselab/renjie3/renjie/improved-diffusion/results/10/ema_0.9999_102400.pt --adv_step 30 --save_forward_clean_sample False
---------------------------------------------------------------
Wed 26 Oct 2022 09:01:28 PM EDT
17
GPU_ID=4
mpiexec -n 1 python scripts/image_train.py --data_dir datasets/sub_cifar_train --image_size 32 --num_channels 128 --num_res_blocks 3 --dropout 0.3 --learn_sigma False --diffusion_steps 4000 --noise_schedule cosine --save_interval 10000 --lr 1e-4 --batch_size 128 --microbatch -1 --class_cond False --mode adv --output_index True --output_class True --adv_noise_num 5000 --load_model True --model_path /egr/research-dselab/renjie3/renjie/improved-diffusion/results/10/model102400.pt --adv_step 30 --save_forward_clean_sample False
---------------------------------------------------------------
Wed 26 Oct 2022 09:01:38 PM EDT
18
GPU_ID=3
mpiexec -n 1 python scripts/image_train.py --data_dir datasets/sub_cifar_train --image_size 32 --num_channels 128 --num_res_blocks 3 --dropout 0.3 --learn_sigma False --diffusion_steps 4000 --noise_schedule cosine --save_interval 10000 --lr 1e-4 --batch_size 128 --microbatch -1 --class_cond False --mode adv --output_index True --output_class True --adv_noise_num 5000 --load_model True --model_path /egr/research-dselab/renjie3/renjie/improved-diffusion/results/10/model102400.pt --adv_step 30 --save_forward_clean_sample False
---------------------------------------------------------------
Thu 27 Oct 2022 10:09:39 AM EDT
19 # corrected the range bug since this job
GPU_ID=3
mpiexec -n 1 python scripts/image_train.py --data_dir datasets/sub_cifar_train --image_size 32 --num_channels 128 --num_res_blocks 3 --dropout 0.3 --learn_sigma False --diffusion_steps 4000 --noise_schedule cosine --save_interval 10000 --lr 1e-4 --batch_size 128 --microbatch -1 --class_cond False --mode adv --output_index True --output_class True --adv_noise_num 5000 --load_model True --model_path /egr/research-dselab/renjie3/renjie/improved-diffusion/results/10/model102400.pt --adv_step 30 --save_forward_clean_sample False
---------------------------------------------------------------
Thu 27 Oct 2022 10:10:20 AM EDT
21
GPU_ID=4
mpiexec -n 1 python scripts/image_train.py --data_dir datasets/sub_cifar_train --image_size 32 --num_channels 128 --num_res_blocks 3 --dropout 0.3 --learn_sigma False --diffusion_steps 4000 --noise_schedule cosine --save_interval 10000 --lr 1e-4 --batch_size 128 --microbatch -1 --class_cond False --mode adv --output_index True --output_class True --adv_noise_num 5000 --load_model True --model_path /egr/research-dselab/renjie3/renjie/improved-diffusion/results/10/ema_0.9999_102400.pt --adv_step 30 --save_forward_clean_sample False
---------------------------------------------------------------
Thu 27 Oct 2022 11:23:20 AM EDT
22
GPU_ID=2
mpiexec -n 1 python scripts/image_train.py --data_dir /localscratch/renjie/sub_cifar_train_3class --image_size 32 --num_channels 128 --num_res_blocks 3 --dropout 0.3 --learn_sigma False --diffusion_steps 4000 --noise_schedule cosine --save_interval 10000 --lr 1e-4 --batch_size 128 --microbatch -1 --class_cond False --mode adv --output_index True --output_class True --adv_noise_num 5000 --load_model True --model_path /egr/research-dselab/renjie3/renjie/improved-diffusion/results/10/model102400.pt --adv_step 30 --save_forward_clean_sample False --single_target_image_id 10002
---------------------------------------------------------------
Thu 27 Oct 2022 11:23:31 AM EDT
23
GPU_ID=5
mpiexec -n 1 python scripts/image_train.py --data_dir /localscratch/renjie/sub_cifar_train_3class --image_size 32 --num_channels 128 --num_res_blocks 3 --dropout 0.3 --learn_sigma False --diffusion_steps 4000 --noise_schedule cosine --save_interval 10000 --lr 1e-4 --batch_size 128 --microbatch -1 --class_cond False --mode adv --output_index True --output_class True --adv_noise_num 5000 --load_model True --model_path /egr/research-dselab/renjie3/renjie/improved-diffusion/results/10/ema_0.9999_102400.pt --adv_step 30 --save_forward_clean_sample False --single_target_image_id 10002
---------------------------------------------------------------
Fri Oct 28 00:50:25 UTC 2022
25
GPU_ID=0,1,2,3
mpiexec -n 4 python scripts/image_train.py --data_dir /home/renjie3/improved-diffusion/datasets/sub_cifar_train_3class --image_size 32 --num_channels 128 --num_res_blocks 3 --dropout 0.3 --learn_sigma False --diffusion_steps 4000 --noise_schedule cosine --save_interval 12800 --lr 1e-4 --batch_size 100 --microbatch -1 --class_cond False --mode train --output_index True --output_class True --adv_noise_num 5000 --load_model True --model_path /egr/research-dselab/renjie3/renjie/improved-diffusion/results/10/ema_0.9999_102400.pt --adv_step 30 --save_forward_clean_sample False --single_target_image_id 10002
---------------------------------------------------------------
Thu 27 Oct 2022 09:56:50 PM EDT
28
GPU_ID=3
mpiexec -n 1 python -u scripts/image_train.py --data_dir /localscratch/renjie/sub_cifar_train --image_size 32 --num_channels 128 --num_res_blocks 3 --dropout 0.3 --learn_sigma False --diffusion_steps 4000 --noise_schedule cosine --save_interval 10000 --lr 1e-4 --batch_size 128 --microbatch -1 --class_cond False --mode train --output_index True --output_class True --adv_noise_num 5000 --load_model True --model_path /egr/research-dselab/renjie3/renjie/improved-diffusion/results/10/ema_0.9999_102400.pt --adv_step 30 --save_forward_clean_sample False --single_target_image_id 10002 --poisoned True --poisoned_path /egr/research-dselab/renjie3/renjie/improved-diffusion/results/19/adv_noise
---------------------------------------------------------------
Thu 27 Oct 2022 10:02:20 PM EDT
29
GPU_ID=5
mpiexec -n 1 python -u scripts/image_train.py --data_dir /localscratch/renjie/sub_cifar_train_2class --image_size 32 --num_channels 128 --num_res_blocks 3 --dropout 0.3 --learn_sigma False --diffusion_steps 4000 --noise_schedule cosine --save_interval 10000 --lr 1e-4 --batch_size 128 --microbatch -1 --class_cond False --mode train --output_index True --output_class True --adv_noise_num 5000 --load_model True --model_path /egr/research-dselab/renjie3/renjie/improved-diffusion/results/10/ema_0.9999_102400.pt --adv_step 30 --save_forward_clean_sample False --single_target_image_id 10002 --poisoned False --poisoned_path /egr/research-dselab/renjie3/renjie/improved-diffusion/results/19/adv_noise
---------------------------------------------------------------
Fri Oct 28 19:06:25 UTC 2022
30
GPU_ID=0,1,2,3
mpiexec -n 4 python -u scripts/image_train.py --data_dir /home/renjie3/improved-diffusion/datasets/sub_cifar_train_bird_horse --image_size 32 --num_channels 128 --num_res_blocks 3 --dropout 0.3 --learn_sigma False --diffusion_steps 4000 --noise_schedule cosine --save_interval 3200 --lr 1e-4 --batch_size 100 --microbatch -1 --class_cond False --mode train --output_index True --output_class True --adv_noise_num 5000 --load_model True --model_path /egr/research-dselab/renjie3/renjie/improved-diffusion/results/10/ema_0.9999_102400.pt --adv_step 30 --save_forward_clean_sample False --single_target_image_id 10002 --poisoned False --poisoned_path /egr/research-dselab/renjie3/renjie/improved-diffusion/results/19/adv_noise
---------------------------------------------------------------
Fri 28 Oct 2022 04:58:54 PM EDT
32
GPU_ID=3
mpiexec -n 1 python -u scripts/image_train.py --data_dir /localscratch/renjie/sub_cifar_train --image_size 32 --num_channels 128 --num_res_blocks 3 --dropout 0.3 --learn_sigma False --diffusion_steps 4000 --noise_schedule cosine --save_interval 3200 --lr 1e-4 --batch_size 128 --microbatch -1 --class_cond False --mode adv --output_index True --output_class True --adv_noise_num 5000 --load_model True --model_path /egr/research-dselab/renjie3/renjie/improved-diffusion/results/10/model102400.pt --adv_step 30 --save_forward_clean_sample False --single_target_image_id 10000 --poisoned False --poisoned_path /egr/research-dselab/renjie3/renjie/improved-diffusion/results/19/adv_noise
---------------------------------------------------------------
Sat 29 Oct 2022 08:41:27 PM EDT
33
GPU_ID=3
mpiexec -n 1 python -u scripts/image_train.py --data_dir /localscratch/renjie/sub_cifar_train_bird_horse --image_size 32 --num_channels 128 --num_res_blocks 3 --dropout 0.3 --learn_sigma False --diffusion_steps 4000 --noise_schedule cosine --save_interval 10000 --lr 1e-4 --batch_size 128 --microbatch -1 --class_cond False --mode adv --output_index True --output_class True --adv_noise_num 5000 --load_model True --model_path /egr/research-dselab/renjie3/renjie/improved-diffusion/results/30/model064000.pt --adv_step 30 --save_forward_clean_sample False --single_target_image_id 5000 --adv_loss_type forward_bachword_loss --poisoned False --poisoned_path /egr/research-dselab/renjie3/renjie/improved-diffusion/results/19/adv_noise
---------------------------------------------------------------
Sat 29 Oct 2022 08:41:47 PM EDT
34
GPU_ID=5
mpiexec -n 1 python -u scripts/image_train.py --data_dir /localscratch/renjie/sub_cifar_train_bird_horse --image_size 32 --num_channels 128 --num_res_blocks 3 --dropout 0.3 --learn_sigma False --diffusion_steps 4000 --noise_schedule cosine --save_interval 10000 --lr 1e-4 --batch_size 128 --microbatch -1 --class_cond False --mode adv --output_index True --output_class True --adv_noise_num 5000 --load_model True --model_path /egr/research-dselab/renjie3/renjie/improved-diffusion/results/30/model064000.pt --adv_step 30 --save_forward_clean_sample False --single_target_image_id 5000 --adv_loss_type negative_forward_bachword_loss --poisoned False --poisoned_path /egr/research-dselab/renjie3/renjie/improved-diffusion/results/19/adv_noise
---------------------------------------------------------------
Sun Oct 30 02:25:18 UTC 2022
38
GPU_ID=0
mpiexec -n 1 python -u scripts/image_train.py --data_dir /home/renjie3/improved-diffusion/datasets/sub_cifar_train_bird_horse --image_size 32 --num_channels 128 --num_res_blocks 3 --dropout 0.3 --learn_sigma False --diffusion_steps 4000 --noise_schedule cosine --save_interval 3200 --lr 1e-4 --batch_size 100 --microbatch -1 --class_cond False --mode adv --output_index True --output_class True --adv_noise_num 5000 --load_model False --model_path /home/renjie3/improved-diffusion/results/30/model064000.pt --adv_step 30 --save_forward_clean_sample False --single_target_image_id 5000 --adv_loss_type forward_bachword_loss --group_model_dir /home/renjie3/improved-diffusion/results/30 --group_model True --group_model_num 20 --random_noise_every_adv_step True --poisoned False --poisoned_path /egr/research-dselab/renjie3/renjie/improved-diffusion/results/19/adv_noise
---------------------------------------------------------------
Sun Oct 30 02:25:31 UTC 2022
39
GPU_ID=1
mpiexec -n 1 python -u scripts/image_train.py --data_dir /home/renjie3/improved-diffusion/datasets/sub_cifar_train_bird_horse --image_size 32 --num_channels 128 --num_res_blocks 3 --dropout 0.3 --learn_sigma False --diffusion_steps 4000 --noise_schedule cosine --save_interval 3200 --lr 1e-4 --batch_size 100 --microbatch -1 --class_cond False --mode adv --output_index True --output_class True --adv_noise_num 5000 --load_model False --model_path /home/renjie3/improved-diffusion/results/30/model064000.pt --adv_step 30 --save_forward_clean_sample False --single_target_image_id 5000 --adv_loss_type forward_bachword_loss --group_model_dir /home/renjie3/improved-diffusion/results/30 --group_model True --group_model_num 20 --random_noise_every_adv_step False --poisoned False --poisoned_path /egr/research-dselab/renjie3/renjie/improved-diffusion/results/19/adv_noise
---------------------------------------------------------------
    Sun Oct 30 02:25:45 UTC 2022 # abandon bacause eot_gaussion_noise is set to 1
    40
    GPU_ID=2
    mpiexec -n 1 python -u scripts/image_train.py --data_dir /home/renjie3/improved-diffusion/datasets/sub_cifar_train_bird_horse --image_size 32 --num_channels 128 --num_res_blocks 3 --dropout 0.3 --learn_sigma False --diffusion_steps 4000 --noise_schedule cosine --save_interval 3200 --lr 1e-4 --batch_size 100 --microbatch -1 --class_cond False --mode adv --output_index True --output_class True --adv_noise_num 5000 --load_model True --model_path /home/renjie3/improved-diffusion/results/30/model064000.pt --adv_step 30 --save_forward_clean_sample False --single_target_image_id 5000 --adv_loss_type forward_bachword_loss --group_model_dir /home/renjie3/improved-diffusion/results/30 --group_model False --group_model_num 20 --random_noise_every_adv_step False --poisoned False --poisoned_path /egr/research-dselab/renjie3/renjie/improved-diffusion/results/19/adv_noise
    ---------------------------------------------------------------
    Sun Oct 30 02:25:54 UTC 2022
    41
    GPU_ID=3
    mpiexec -n 1 python -u scripts/image_train.py --data_dir /home/renjie3/improved-diffusion/datasets/sub_cifar_train_bird_horse --image_size 32 --num_channels 128 --num_res_blocks 3 --dropout 0.3 --learn_sigma False --diffusion_steps 4000 --noise_schedule cosine --save_interval 3200 --lr 1e-4 --batch_size 100 --microbatch -1 --class_cond False --mode adv --output_index True --output_class True --adv_noise_num 5000 --load_model True --model_path /home/renjie3/improved-diffusion/results/30/model064000.pt --adv_step 30 --save_forward_clean_sample False --single_target_image_id 5000 --adv_loss_type negative_forward_bachword_loss --group_model_dir /home/renjie3/improved-diffusion/results/30 --group_model False --group_model_num 20 --random_noise_every_adv_step False --poisoned False --poisoned_path /egr/research-dselab/renjie3/renjie/improved-diffusion/results/19/adv_noise
    ---------------------------------------------------------------
    Sun Oct 30 14:33:40 UTC 2022
    44
    GPU_ID=2,3
    mpiexec -n 2 python -u scripts/image_train.py --data_dir /home/renjie3/improved-diffusion/datasets/sub_cifar_train_bird_horse --image_size 32 --num_channels 128 --num_res_blocks 3 --dropout 0.3 --learn_sigma False --diffusion_steps 4000 --noise_schedule cosine --save_interval 6400 --lr 1e-4 --batch_size 100 --microbatch -1 --class_cond False --load_model False --model_path /home/renjie3/improved-diffusion/results/30/model064000.pt --mode train --output_index True --output_class True --adv_noise_num 5000 --adv_step 30 --save_forward_clean_sample False --single_target_image_id 5000 --adv_loss_type forward_bachword_loss --group_model_dir /home/renjie3/improved-diffusion/results/30 --group_model False --group_model_num 20 --random_noise_every_adv_step True --poisoned True --poisoned_path /home/renjie3/improved-diffusion/results/40/adv_noise
---------------------------------------------------------------
Sun Oct 30 14:47:14 UTC 2022
47
GPU_ID=3
mpiexec -n 1 python -u scripts/image_train.py --data_dir /home/renjie3/improved-diffusion/datasets/sub_cifar_train_bird_horse --image_size 32 --num_channels 128 --num_res_blocks 3 --dropout 0.3 --learn_sigma False --diffusion_steps 4000 --noise_schedule cosine --save_interval 6400 --lr 1e-4 --batch_size 100 --microbatch -1 --class_cond False --load_model True --model_path /home/renjie3/improved-diffusion/results/30/model064000.pt --mode adv --output_index True --output_class True --adv_noise_num 5000 --adv_step 30 --save_forward_clean_sample False --single_target_image_id 5000 --adv_loss_type negative_forward_bachword_loss --group_model_dir /home/renjie3/improved-diffusion/results/30 --group_model False --group_model_num 20 --random_noise_every_adv_step True --t_seg_num 8 --t_seg_start 3 --eot_gaussian_num 5 --poisoned False --poisoned_path /home/renjie3/improved-diffusion/results/40/adv_noise
---------------------------------------------------------------
Sun Oct 30 14:47:22 UTC 2022
48
GPU_ID=2
mpiexec -n 1 python -u scripts/image_train.py --data_dir /home/renjie3/improved-diffusion/datasets/sub_cifar_train_bird_horse --image_size 32 --num_channels 128 --num_res_blocks 3 --dropout 0.3 --learn_sigma False --diffusion_steps 4000 --noise_schedule cosine --save_interval 6400 --lr 1e-4 --batch_size 100 --microbatch -1 --class_cond False --load_model True --model_path /home/renjie3/improved-diffusion/results/30/model064000.pt --mode adv --output_index True --output_class True --adv_noise_num 5000 --adv_step 30 --save_forward_clean_sample False --single_target_image_id 5000 --adv_loss_type forward_bachword_loss --group_model_dir /home/renjie3/improved-diffusion/results/30 --group_model False --group_model_num 20 --random_noise_every_adv_step True --t_seg_num 8 --t_seg_start 3 --eot_gaussian_num 5 --poisoned False --poisoned_path /home/renjie3/improved-diffusion/results/40/adv_noise
---------------------------------------------------------------
Sun 30 Oct 2022 10:58:04 AM EDT
49
GPU_ID=3
mpiexec -n 1 python -u scripts/image_train.py --data_dir /localscratch/renjie/sub_cifar_train_bird_horse --image_size 32 --num_channels 128 --num_res_blocks 3 --dropout 0.3 --learn_sigma False --diffusion_steps 4000 --noise_schedule cosine --save_interval 6400 --lr 1e-4 --batch_size 100 --microbatch -1 --class_cond False --load_model False --model_path /egr/research-dselab/renjie3/renjie/improved-diffusion/results/10/ema_0.9999_102400.pt --mode train --output_index True --output_class True --adv_noise_num 5000 --adv_step 30 --save_forward_clean_sample False --single_target_image_id 5000 --adv_loss_type forward_bachword_loss --poisoned True --poisoned_path /egr/research-dselab/renjie3/renjie/improved-diffusion/results/33/adv_noise
---------------------------------------------------------------
Sun 30 Oct 2022 10:58:27 AM EDT
50
GPU_ID=5
mpiexec -n 1 python -u scripts/image_train.py --data_dir /localscratch/renjie/sub_cifar_train_bird_horse --image_size 32 --num_channels 128 --num_res_blocks 3 --dropout 0.3 --learn_sigma False --diffusion_steps 4000 --noise_schedule cosine --save_interval 6400 --lr 1e-4 --batch_size 100 --microbatch -1 --class_cond False --load_model False --model_path /egr/research-dselab/renjie3/renjie/improved-diffusion/results/10/ema_0.9999_102400.pt --mode train --output_index True --output_class True --adv_noise_num 5000 --adv_step 30 --save_forward_clean_sample False --single_target_image_id 5000 --adv_loss_type forward_bachword_loss --poisoned True --poisoned_path /egr/research-dselab/renjie3/renjie/improved-diffusion/results/34/adv_noise
---------------------------------------------------------------
Sun Oct 30 23:56:02 UTC 2022
51
GPU_ID=0
mpiexec -n 1 python -u scripts/image_train.py --data_dir /home/renjie3/improved-diffusion/datasets/sub_cifar_train_bird_horse --image_size 32 --num_channels 128 --num_res_blocks 3 --dropout 0.3 --learn_sigma False --diffusion_steps 4000 --noise_schedule cosine --save_interval 6400 --lr 1e-4 --batch_size 100 --microbatch -1 --class_cond False --load_model False --model_path /egr/research-dselab/renjie3/renjie/improved-diffusion/results/10/ema_0.9999_102400.pt --mode train --output_index True --output_class True --adv_noise_num 5000 --adv_step 30 --save_forward_clean_sample False --single_target_image_id 5000 --adv_loss_type forward_bachword_loss --poisoned True --poisoned_path /home/renjie3/improved-diffusion/results/38/adv_noise
---------------------------------------------------------------
Sun Oct 30 23:56:15 UTC 2022
52
GPU_ID=1
mpiexec -n 1 python -u scripts/image_train.py --data_dir /home/renjie3/improved-diffusion/datasets/sub_cifar_train_bird_horse --image_size 32 --num_channels 128 --num_res_blocks 3 --dropout 0.3 --learn_sigma False --diffusion_steps 4000 --noise_schedule cosine --save_interval 6400 --lr 1e-4 --batch_size 100 --microbatch -1 --class_cond False --load_model False --model_path /egr/research-dselab/renjie3/renjie/improved-diffusion/results/10/ema_0.9999_102400.pt --mode train --output_index True --output_class True --adv_noise_num 5000 --adv_step 30 --save_forward_clean_sample False --single_target_image_id 5000 --adv_loss_type forward_bachword_loss --poisoned True --poisoned_path /home/renjie3/improved-diffusion/results/39/adv_noise
---------------------------------------------------------------
Sun Oct 30 23:58:11 UTC 2022
53
GPU_ID=2
mpiexec -n 1 python -u scripts/image_train.py --data_dir /home/renjie3/improved-diffusion/datasets/sub_cifar_train_bird_horse --image_size 32 --num_channels 128 --num_res_blocks 3 --dropout 0.3 --learn_sigma False --diffusion_steps 4000 --noise_schedule cosine --save_interval 6400 --lr 1e-4 --batch_size 100 --microbatch -1 --class_cond False --load_model False --model_path /egr/research-dselab/renjie3/renjie/improved-diffusion/results/10/ema_0.9999_102400.pt --mode train --output_index True --output_class True --adv_noise_num 5000 --adv_step 30 --save_forward_clean_sample False --single_target_image_id 5000 --adv_loss_type forward_bachword_loss --poisoned True --poisoned_path /home/renjie3/improved-diffusion/results/47/adv_noise
---------------------------------------------------------------
Sun Oct 30 23:58:38 UTC 2022
55
GPU_ID=3
mpiexec -n 1 python -u scripts/image_train.py --data_dir /home/renjie3/improved-diffusion/datasets/sub_cifar_train_bird_horse --image_size 32 --num_channels 128 --num_res_blocks 3 --dropout 0.3 --learn_sigma False --diffusion_steps 4000 --noise_schedule cosine --save_interval 6400 --lr 1e-4 --batch_size 100 --microbatch -1 --class_cond False --load_model False --model_path /egr/research-dselab/renjie3/renjie/improved-diffusion/results/10/ema_0.9999_102400.pt --mode train --output_index True --output_class True --adv_noise_num 5000 --adv_step 30 --save_forward_clean_sample False --single_target_image_id 5000 --adv_loss_type forward_bachword_loss --poisoned True --poisoned_path /home/renjie3/improved-diffusion/results/48/adv_noise
---------------------------------------------------------------
Wed 02 Nov 2022 07:54:41 PM EDT
57
GPU_ID=4,7
mpiexec -n 2 python -u scripts/image_train.py --data_dir /localscratch/renjie/mnist_train --image_size 32 --num_channels 128 --num_res_blocks 3 --dropout 0.3 --learn_sigma False --diffusion_steps 4000 --noise_schedule cosine --save_interval 10000 --lr 1e-4 --batch_size 256 --microbatch -1 --class_cond False --num_input_channels 1 --load_model False --model_path /egr/research-dselab/renjie3/renjie/improved-diffusion/results/30/model064000.pt --mode train --output_index True --output_class True --adv_noise_num 5000 --adv_step 30 --save_forward_clean_sample False --single_target_image_id 5000 --adv_loss_type negative_forward_bachword_loss --group_model_dir /home/renjie3/improved-diffusion/results/30 --group_model False --group_model_num 20 --random_noise_every_adv_step False --t_seg_num 8 --t_seg_start 3 --eot_gaussian_num 5 --poisoned False --poisoned_path /egr/research-dselab/renjie3/renjie/improved-diffusion/results/33/adv_noise
---------------------------------------------------------------
Wed 02 Nov 2022 07:55:39 PM EDT
58
GPU_ID=1
mpiexec -n 1 python -u scripts/image_train.py --data_dir /localscratch/renjie/mnist_train_01 --image_size 32 --num_channels 128 --num_res_blocks 3 --dropout 0.3 --learn_sigma False --diffusion_steps 4000 --noise_schedule cosine --save_interval 10000 --lr 1e-4 --batch_size 256 --microbatch -1 --class_cond False --num_input_channels 1 --load_model False --model_path /egr/research-dselab/renjie3/renjie/improved-diffusion/results/30/model064000.pt --mode train --output_index True --output_class True --adv_noise_num 5000 --adv_step 30 --save_forward_clean_sample False --single_target_image_id 5000 --adv_loss_type negative_forward_bachword_loss --group_model_dir /home/renjie3/improved-diffusion/results/30 --group_model False --group_model_num 20 --random_noise_every_adv_step False --t_seg_num 8 --t_seg_start 3 --eot_gaussian_num 5 --poisoned False --poisoned_path /egr/research-dselab/renjie3/renjie/improved-diffusion/results/33/adv_noise
---------------------------------------------------------------
Thu 03 Nov 2022 11:18:45 PM EDT
60 # prepared for --output_index True
GPU_ID=4
mpiexec -n 1 python -u scripts/image_train.py --data_dir /localscratch/renjie/mnist_train_01 --image_size 32 --num_channels 128 --num_res_blocks 3 --dropout 0.3 --learn_sigma False --diffusion_steps 4000 --noise_schedule cosine --save_interval 2500 --lr 1e-4 --batch_size 256 --microbatch -1 --class_cond False --num_input_channels 1 --load_model False --model_path /egr/research-dselab/renjie3/renjie/improved-diffusion/results/30/model064000.pt --mode train --output_index True --output_class True --adv_noise_num 5000 --adv_step 30 --save_forward_clean_sample False --single_target_image_id 5000 --adv_loss_type negative_forward_bachword_loss --group_model_dir /home/renjie3/improved-diffusion/results/30 --group_model False --group_model_num 20 --random_noise_every_adv_step False --t_seg_num 8 --t_seg_start 3 --eot_gaussian_num 5 --poisoned False --poisoned_path /egr/research-dselab/renjie3/renjie/improved-diffusion/results/33/adv_noise
---------------------------------------------------------------
Thu 03 Nov 2022 11:36:29 PM EDT
61
GPU_ID=2
mpiexec -n 1 python -u scripts/image_train.py --data_dir /localscratch/renjie/mnist_train_01 --image_size 32 --num_channels 128 --num_res_blocks 3 --dropout 0.3 --learn_sigma False --num_input_channels 1 --diffusion_steps 4000 --noise_schedule cosine --save_interval 6400 --lr 1e-4 --batch_size 100 --microbatch -1 --class_cond False --load_model False --model_path /egr/research-dselab/renjie3/renjie/improved-diffusion/results/30/model064000.pt --mode adv --output_index True --output_class True --adv_noise_num 5923 --adv_step 30 --save_forward_clean_sample False --single_target_image_id 5000 --adv_loss_type negative_forward_bachword_loss --group_model_dir /egr/research-dselab/renjie3/renjie/improved-diffusion/results/58 --group_model True --group_model_num 6 --random_noise_every_adv_step True --t_seg_num 8 --t_seg_start 3 --eot_gaussian_num 1 --poisoned False --poisoned_path /egr/research-dselab/renjie3/renjie/improved-diffusion/results/33/adv_noise
---------------------------------------------------------------
Thu 03 Nov 2022 11:36:53 PM EDT
62
GPU_ID=2
mpiexec -n 1 python -u scripts/image_train.py --data_dir /localscratch/renjie/mnist_train_01 --image_size 32 --num_channels 128 --num_res_blocks 3 --dropout 0.3 --learn_sigma False --num_input_channels 1 --diffusion_steps 4000 --noise_schedule cosine --save_interval 6400 --lr 1e-4 --batch_size 100 --microbatch -1 --class_cond False --load_model False --model_path /egr/research-dselab/renjie3/renjie/improved-diffusion/results/30/model064000.pt --mode adv --output_index True --output_class True --adv_noise_num 5923 --adv_step 30 --save_forward_clean_sample False --single_target_image_id 5000 --adv_loss_type forward_bachword_loss --group_model_dir /egr/research-dselab/renjie3/renjie/improved-diffusion/results/58 --group_model True --group_model_num 6 --random_noise_every_adv_step True --t_seg_num 8 --t_seg_start 3 --eot_gaussian_num 1 --poisoned False --poisoned_path /egr/research-dselab/renjie3/renjie/improved-diffusion/results/33/adv_noise
---------------------------------------------------------------
Sun 13 Nov 2022 07:18:21 PM EST
63
GPU_ID=3
mpiexec -n 1 python -u scripts/image_train.py --data_dir /localscratch/renjie/mnist_train_01 --image_size 32 --num_channels 128 --num_res_blocks 3 --dropout 0.3 --learn_sigma False --num_input_channels 1 --diffusion_steps 4000 --noise_schedule cosine --save_interval 5000 --lr 1e-4 --batch_size 100 --microbatch -1 --class_cond False --load_model False --model_path /egr/research-dselab/renjie3/renjie/improved-diffusion/results/30/model064000.pt --mode train --output_index True --output_class True --adv_noise_num 5923 --adv_step 30 --save_forward_clean_sample False --single_target_image_id 5000 --adv_loss_type forward_bachword_loss --group_model_dir /egr/research-dselab/renjie3/renjie/improved-diffusion/results/58 --group_model True --group_model_num 6 --random_noise_every_adv_step True --t_seg_num 8 --t_seg_start 3 --eot_gaussian_num 1 --poisoned True --poisoned_path /egr/research-dselab/renjie3/renjie/improved-diffusion/results/61/adv_noise
---------------------------------------------------------------
Sun 13 Nov 2022 07:18:42 PM EST
64
GPU_ID=3
mpiexec -n 1 python -u scripts/image_train.py --data_dir /localscratch/renjie/mnist_train_01 --image_size 32 --num_channels 128 --num_res_blocks 3 --dropout 0.3 --learn_sigma False --num_input_channels 1 --diffusion_steps 4000 --noise_schedule cosine --save_interval 5000 --lr 1e-4 --batch_size 100 --microbatch -1 --class_cond False --load_model False --model_path /egr/research-dselab/renjie3/renjie/improved-diffusion/results/30/model064000.pt --mode train --output_index True --output_class True --adv_noise_num 5923 --adv_step 30 --save_forward_clean_sample False --single_target_image_id 5000 --adv_loss_type forward_bachword_loss --group_model_dir /egr/research-dselab/renjie3/renjie/improved-diffusion/results/58 --group_model True --group_model_num 6 --random_noise_every_adv_step True --t_seg_num 8 --t_seg_start 3 --eot_gaussian_num 1 --poisoned True --poisoned_path /egr/research-dselab/renjie3/renjie/improved-diffusion/results/62/adv_noise
---------------------------------------------------------------
Sun 13 Nov 2022 07:20:38 PM EST
65
GPU_ID=3
mpiexec -n 1 python -u scripts/image_train.py --data_dir /localscratch/renjie/mnist_train_01 --image_size 32 --num_channels 128 --num_res_blocks 3 --dropout 0.3 --learn_sigma False --num_input_channels 1 --diffusion_steps 4000 --noise_schedule cosine --save_interval 5000 --lr 1e-4 --batch_size 100 --microbatch -1 --class_cond False --load_model False --model_path /egr/research-dselab/renjie3/renjie/improved-diffusion/results/30/model064000.pt --mode train --output_index True --output_class True --adv_noise_num 5923 --adv_step 30 --save_forward_clean_sample False --single_target_image_id 5000 --adv_loss_type forward_bachword_loss --group_model_dir /egr/research-dselab/renjie3/renjie/improved-diffusion/results/58 --group_model True --group_model_num 6 --random_noise_every_adv_step True --t_seg_num 8 --t_seg_start 3 --eot_gaussian_num 1 --poisoned True --poisoned_path /egr/research-dselab/renjie3/renjie/improved-diffusion/results/61/adv_noise
---------------------------------------------------------------
Sun 13 Nov 2022 07:20:49 PM EST
66
GPU_ID=4
mpiexec -n 1 python -u scripts/image_train.py --data_dir /localscratch/renjie/mnist_train_01 --image_size 32 --num_channels 128 --num_res_blocks 3 --dropout 0.3 --learn_sigma False --num_input_channels 1 --diffusion_steps 4000 --noise_schedule cosine --save_interval 5000 --lr 1e-4 --batch_size 100 --microbatch -1 --class_cond False --load_model False --model_path /egr/research-dselab/renjie3/renjie/improved-diffusion/results/30/model064000.pt --mode train --output_index True --output_class True --adv_noise_num 5923 --adv_step 30 --save_forward_clean_sample False --single_target_image_id 5000 --adv_loss_type forward_bachword_loss --group_model_dir /egr/research-dselab/renjie3/renjie/improved-diffusion/results/58 --group_model True --group_model_num 6 --random_noise_every_adv_step True --t_seg_num 8 --t_seg_start 3 --eot_gaussian_num 1 --poisoned True --poisoned_path /egr/research-dselab/renjie3/renjie/improved-diffusion/results/62/adv_noise
---------------------------------------------------------------
Sun Nov 13 19:30:10 EST 2022
65061578
train 01
#SBATCH --time=47:59:00
#SBATCH --cpus-per-task=4
#SBATCH --gres=gpu:v100:2
mpiexec -n 1 python -u scripts/image_train.py --data_dir /localscratch/renjie/mnist_train_01 --image_size 32 --num_channels 128 --num_res_blocks 3 --dropout 0.3 --learn_sigma False --num_input_channels 1 --diffusion_steps 4000 --noise_schedule cosine --save_interval 5000 --lr 1e-4 --batch_size 100 --microbatch -1 --class_cond False --load_model False --model_path /egr/research-dselab/renjie3/renjie/improved-diffusion/results/30/model064000.pt --mode train --output_index True --output_class True --adv_noise_num 5923 --adv_step 30 --save_forward_clean_sample False --single_target_image_id 5000 --adv_loss_type forward_bachword_loss --group_model_dir /egr/research-dselab/renjie3/renjie/improved-diffusion/results/58 --group_model True --group_model_num 6 --random_noise_every_adv_step True --t_seg_num 8 --t_seg_start 3 --eot_gaussian_num 1 --poisoned True --poisoned_path /mnt/home/renjie3/Documents/unlearnable/diffusion/improved-diffusion/results/61/adv_noise
---------------------------------------------------------------
Sun Nov 13 19:30:24 EST 2022
65061579
train 01
#SBATCH --time=47:59:00
#SBATCH --cpus-per-task=4
#SBATCH --gres=gpu:v100:2
mpiexec -n 1 python -u scripts/image_train.py --data_dir /localscratch/renjie/mnist_train_01 --image_size 32 --num_channels 128 --num_res_blocks 3 --dropout 0.3 --learn_sigma False --num_input_channels 1 --diffusion_steps 4000 --noise_schedule cosine --save_interval 5000 --lr 1e-4 --batch_size 100 --microbatch -1 --class_cond False --load_model False --model_path /egr/research-dselab/renjie3/renjie/improved-diffusion/results/30/model064000.pt --mode train --output_index True --output_class True --adv_noise_num 5923 --adv_step 30 --save_forward_clean_sample False --single_target_image_id 5000 --adv_loss_type forward_bachword_loss --group_model_dir /egr/research-dselab/renjie3/renjie/improved-diffusion/results/58 --group_model True --group_model_num 6 --random_noise_every_adv_step True --t_seg_num 8 --t_seg_start 3 --eot_gaussian_num 1 --poisoned True --poisoned_path /mnt/home/renjie3/Documents/unlearnable/diffusion/improved-diffusion/results/62/adv_noise
---------------------------------------------------------------
Sun Nov 13 19:30:44 EST 2022
65061592
train 01
#SBATCH --time=47:59:00
#SBATCH --cpus-per-task=4
#SBATCH --gres=gpu:v100:2
mpiexec -n 2 python -u scripts/image_train.py --data_dir /localscratch/renjie/mnist_train_01 --image_size 32 --num_channels 128 --num_res_blocks 3 --dropout 0.3 --learn_sigma False --num_input_channels 1 --diffusion_steps 4000 --noise_schedule cosine --save_interval 5000 --lr 1e-4 --batch_size 100 --microbatch -1 --class_cond False --load_model False --model_path /egr/research-dselab/renjie3/renjie/improved-diffusion/results/30/model064000.pt --mode train --output_index True --output_class True --adv_noise_num 5923 --adv_step 30 --save_forward_clean_sample False --single_target_image_id 5000 --adv_loss_type forward_bachword_loss --group_model_dir /egr/research-dselab/renjie3/renjie/improved-diffusion/results/58 --group_model True --group_model_num 6 --random_noise_every_adv_step True --t_seg_num 8 --t_seg_start 3 --eot_gaussian_num 1 --poisoned True --poisoned_path /mnt/home/renjie3/Documents/unlearnable/diffusion/improved-diffusion/results/61/adv_noise
---------------------------------------------------------------
Sun Nov 13 19:30:53 EST 2022
65061593
train 01
#SBATCH --time=47:59:00
#SBATCH --cpus-per-task=4
#SBATCH --gres=gpu:v100:2
mpiexec -n 2 python -u scripts/image_train.py --data_dir /localscratch/renjie/mnist_train_01 --image_size 32 --num_channels 128 --num_res_blocks 3 --dropout 0.3 --learn_sigma False --num_input_channels 1 --diffusion_steps 4000 --noise_schedule cosine --save_interval 5000 --lr 1e-4 --batch_size 100 --microbatch -1 --class_cond False --load_model False --model_path /egr/research-dselab/renjie3/renjie/improved-diffusion/results/30/model064000.pt --mode train --output_index True --output_class True --adv_noise_num 5923 --adv_step 30 --save_forward_clean_sample False --single_target_image_id 5000 --adv_loss_type forward_bachword_loss --group_model_dir /egr/research-dselab/renjie3/renjie/improved-diffusion/results/58 --group_model True --group_model_num 6 --random_noise_every_adv_step True --t_seg_num 8 --t_seg_start 3 --eot_gaussian_num 1 --poisoned True --poisoned_path /mnt/home/renjie3/Documents/unlearnable/diffusion/improved-diffusion/results/62/adv_noise
---------------------------------------------------------------
Mon Nov 14 10:20:37 EST 2022
65097040
train 01
#SBATCH --time=47:59:00
#SBATCH --cpus-per-task=4
#SBATCH --gres=gpu:v100:2
mpiexec -n 2 python -u scripts/image_train.py --data_dir /mnt/home/renjie3/Documents/unlearnable/diffusion/improved-diffusion/datasets/mnist_train_01 --image_size 32 --num_channels 128 --num_res_blocks 3 --dropout 0.3 --learn_sigma False --num_input_channels 1 --diffusion_steps 4000 --noise_schedule cosine --save_interval 5000 --lr 1e-4 --batch_size 100 --microbatch -1 --class_cond False --load_model False --model_path /egr/research-dselab/renjie3/renjie/improved-diffusion/results/30/model064000.pt --mode train --output_index True --output_class True --adv_noise_num 5923 --adv_step 30 --save_forward_clean_sample False --single_target_image_id 5000 --adv_loss_type forward_bachword_loss --group_model_dir /egr/research-dselab/renjie3/renjie/improved-diffusion/results/58 --group_model True --group_model_num 6 --random_noise_every_adv_step True --t_seg_num 8 --t_seg_start 3 --eot_gaussian_num 1 --poisoned True --poisoned_path /mnt/home/renjie3/Documents/unlearnable/diffusion/improved-diffusion/results/62/adv_noise
---------------------------------------------------------------
Mon Nov 14 10:20:45 EST 2022
65097045
train 01
#SBATCH --time=47:59:00
#SBATCH --cpus-per-task=4
#SBATCH --gres=gpu:v100:2
mpiexec -n 2 python -u scripts/image_train.py --data_dir /mnt/home/renjie3/Documents/unlearnable/diffusion/improved-diffusion/datasets/mnist_train_01 --image_size 32 --num_channels 128 --num_res_blocks 3 --dropout 0.3 --learn_sigma False --num_input_channels 1 --diffusion_steps 4000 --noise_schedule cosine --save_interval 5000 --lr 1e-4 --batch_size 100 --microbatch -1 --class_cond False --load_model False --model_path /egr/research-dselab/renjie3/renjie/improved-diffusion/results/30/model064000.pt --mode train --output_index True --output_class True --adv_noise_num 5923 --adv_step 30 --save_forward_clean_sample False --single_target_image_id 5000 --adv_loss_type forward_bachword_loss --group_model_dir /egr/research-dselab/renjie3/renjie/improved-diffusion/results/58 --group_model True --group_model_num 6 --random_noise_every_adv_step True --t_seg_num 8 --t_seg_start 3 --eot_gaussian_num 1 --poisoned True --poisoned_path /mnt/home/renjie3/Documents/unlearnable/diffusion/improved-diffusion/results/61/adv_noise
---------------------------------------------------------------
Tue 15 Nov 2022 09:57:40 PM EST
67
GPU_ID=4
mpiexec -n 1 python -u scripts/image_train.py --data_dir /localscratch/renjie/mnist_train_01 --image_size 32 --num_channels 128 --num_res_blocks 3 --dropout 0.3 --learn_sigma False --num_input_channels 1 --diffusion_steps 4000 --noise_schedule cosine --save_interval 5000 --lr 1e-4 --batch_size 100 --microbatch -1 --class_cond False --load_model True --model_path /egr/research-dselab/renjie3/renjie/improved-diffusion/results/58/model060000.pt --mode adv --output_index True --output_class True --adv_noise_num 5923 --adv_step 30 --save_forward_clean_sample False --single_target_image_id 5000 --adv_loss_type forward_bachword_loss --group_model_dir /egr/research-dselab/renjie3/renjie/improved-diffusion/results/58 --group_model False --group_model_num 6 --random_noise_every_adv_step True --t_seg_num 8 --t_seg_start 3 --eot_gaussian_num 1 --poisoned False --poisoned_path /egr/research-dselab/renjie3/renjie/improved-diffusion/results/62/adv_noise
---------------------------------------------------------------
Tue 15 Nov 2022 09:59:02 PM EST
68
GPU_ID=7
mpiexec -n 1 python -u scripts/image_train.py --data_dir /localscratch/renjie/mnist_train_01 --image_size 32 --num_channels 128 --num_res_blocks 3 --dropout 0.3 --learn_sigma False --num_input_channels 1 --diffusion_steps 4000 --noise_schedule cosine --save_interval 5000 --lr 1e-4 --batch_size 100 --microbatch -1 --class_cond False --load_model False --model_path /egr/research-dselab/renjie3/renjie/improved-diffusion/results/58/model060000.pt --mode adv --output_index True --output_class True --adv_noise_num 5923 --adv_step 30 --save_forward_clean_sample False --single_target_image_id 5000 --adv_loss_type negative_forward_bachword_loss --group_model_dir /egr/research-dselab/renjie3/renjie/improved-diffusion/results/58 --group_model True --group_model_num 6 --random_noise_every_adv_step True --t_seg_num 8 --t_seg_start 3 --eot_gaussian_num 1 --poisoned False --poisoned_path /egr/research-dselab/renjie3/renjie/improved-diffusion/results/62/adv_noise
---------------------------------------------------------------
Tue 15 Nov 2022 10:56:22 PM EST
69
GPU_ID=7
mpiexec -n 1 python -u scripts/image_train.py --data_dir /localscratch/renjie/mnist_train_01 --image_size 32 --num_channels 128 --num_res_blocks 3 --dropout 0.3 --learn_sigma False --num_input_channels 1 --diffusion_steps 4000 --noise_schedule cosine --save_interval 5000 --lr 1e-4 --batch_size 100 --microbatch -1 --class_cond False --load_model False --model_path /egr/research-dselab/renjie3/renjie/improved-diffusion/results/58/model060000.pt --mode adv --output_index True --output_class True --adv_noise_num 5923 --adv_step 30 --save_forward_clean_sample False --single_target_image_id 5000 --adv_loss_type negative_forward_bachword_loss --group_model_dir /egr/research-dselab/renjie3/renjie/improved-diffusion/results/58 --group_model True --group_model_num 6 --random_noise_every_adv_step True --t_seg_num 8 --t_seg_start 3 --eot_gaussian_num 1 --adv_epsilon 0.1256 --adv_alpha 0.01256 --poisoned False --poisoned_path /egr/research-dselab/renjie3/renjie/improved-diffusion/results/62/adv_noise
---------------------------------------------------------------
Tue 15 Nov 2022 10:57:31 PM EST
70
GPU_ID=4
mpiexec -n 1 python -u scripts/image_train.py --data_dir /localscratch/renjie/mnist_train_01 --image_size 32 --num_channels 128 --num_res_blocks 3 --dropout 0.3 --learn_sigma False --num_input_channels 1 --diffusion_steps 4000 --noise_schedule cosine --save_interval 5000 --lr 1e-4 --batch_size 100 --microbatch -1 --class_cond False --load_model False --model_path /egr/research-dselab/renjie3/renjie/improved-diffusion/results/58/model060000.pt --mode adv --output_index True --output_class True --adv_noise_num 5923 --adv_step 30 --save_forward_clean_sample False --single_target_image_id 5000 --adv_loss_type negative_forward_bachword_loss --group_model_dir /egr/research-dselab/renjie3/renjie/improved-diffusion/results/58 --group_model True --group_model_num 6 --random_noise_every_adv_step True --t_seg_num 8 --t_seg_start 3 --eot_gaussian_num 1 --adv_epsilon 0.1256 --adv_alpha 0.01256 --poisoned False --poisoned_path /egr/research-dselab/renjie3/renjie/improved-diffusion/results/62/adv_noise
---------------------------------------------------------------
Tue 15 Nov 2022 10:58:16 PM EST
71
GPU_ID=5
mpiexec -n 1 python -u scripts/image_train.py --data_dir /localscratch/renjie/mnist_train_01 --image_size 32 --num_channels 128 --num_res_blocks 3 --dropout 0.3 --learn_sigma False --num_input_channels 1 --diffusion_steps 4000 --noise_schedule cosine --save_interval 5000 --lr 1e-4 --batch_size 100 --microbatch -1 --class_cond False --load_model False --model_path /egr/research-dselab/renjie3/renjie/improved-diffusion/results/58/model060000.pt --mode adv --output_index True --output_class True --adv_noise_num 5923 --adv_step 30 --save_forward_clean_sample False --single_target_image_id 5000 --adv_loss_type forward_bachword_loss --group_model_dir /egr/research-dselab/renjie3/renjie/improved-diffusion/results/58 --group_model True --group_model_num 6 --random_noise_every_adv_step True --t_seg_num 8 --t_seg_start 3 --eot_gaussian_num 1 --adv_epsilon 0.2512 --adv_alpha 0.02512 --poisoned False --poisoned_path /egr/research-dselab/renjie3/renjie/improved-diffusion/results/62/adv_noise
---------------------------------------------------------------
Tue 15 Nov 2022 10:59:51 PM EST
72
GPU_ID=4
mpiexec -n 1 python -u scripts/image_train.py --data_dir /localscratch/renjie/mnist_train_01 --image_size 32 --num_channels 128 --num_res_blocks 3 --dropout 0.3 --learn_sigma False --num_input_channels 1 --diffusion_steps 4000 --noise_schedule cosine --save_interval 5000 --lr 1e-4 --batch_size 100 --microbatch -1 --class_cond False --load_model True --model_path /egr/research-dselab/renjie3/renjie/improved-diffusion/results/58/model060000.pt --mode adv --output_index True --output_class True --adv_noise_num 5923 --adv_step 30 --save_forward_clean_sample False --single_target_image_id 5000 --adv_loss_type negative_forward_bachword_loss --group_model_dir /egr/research-dselab/renjie3/renjie/improved-diffusion/results/58 --group_model False --group_model_num 6 --random_noise_every_adv_step True --t_seg_num 8 --t_seg_start 3 --eot_gaussian_num 1 --adv_epsilon 0.2512 --adv_alpha 0.02512 --poisoned False --poisoned_path /egr/research-dselab/renjie3/renjie/improved-diffusion/results/62/adv_noise
---------------------------------------------------------------
Tue 15 Nov 2022 11:00:34 PM EST
73
GPU_ID=5
mpiexec -n 1 python -u scripts/image_train.py --data_dir /localscratch/renjie/mnist_train_01 --image_size 32 --num_channels 128 --num_res_blocks 3 --dropout 0.3 --learn_sigma False --num_input_channels 1 --diffusion_steps 4000 --noise_schedule cosine --save_interval 5000 --lr 1e-4 --batch_size 100 --microbatch -1 --class_cond False --load_model True --model_path /egr/research-dselab/renjie3/renjie/improved-diffusion/results/58/model060000.pt --mode adv --output_index True --output_class True --adv_noise_num 5923 --adv_step 30 --save_forward_clean_sample False --single_target_image_id 5000 --adv_loss_type forward_bachword_loss --group_model_dir /egr/research-dselab/renjie3/renjie/improved-diffusion/results/58 --group_model False --group_model_num 6 --random_noise_every_adv_step True --t_seg_num 8 --t_seg_start 3 --eot_gaussian_num 1 --adv_epsilon 0.1256 --adv_alpha 0.01256 --poisoned False --poisoned_path /egr/research-dselab/renjie3/renjie/improved-diffusion/results/62/adv_noise
---------------------------------------------------------------
Wed Nov 16 00:05:35 EST 2022
74
GPU_ID=5
mpiexec -n 1 python -u scripts/image_train.py --data_dir /localscratch/renjie/mnist_train_01 --image_size 32 --num_channels 128 --num_res_blocks 3 --dropout 0.3 --learn_sigma False --num_input_channels 1 --diffusion_steps 4000 --noise_schedule cosine --save_interval 5000 --lr 1e-4 --batch_size 100 --microbatch -1 --class_cond False --load_model False --model_path /egr/research-dselab/renjie3/renjie/improved-diffusion/results/58/model060000.pt --mode train --output_index True --output_class True --adv_noise_num 5923 --adv_step 30 --save_forward_clean_sample False --single_target_image_id 5000 --adv_loss_type forward_bachword_loss --group_model_dir /egr/research-dselab/renjie3/renjie/improved-diffusion/results/58 --group_model False --group_model_num 6 --random_noise_every_adv_step True --t_seg_num 8 --t_seg_start 3 --eot_gaussian_num 1 --adv_epsilon 0.1256 --adv_alpha 0.01256 --poisoned True --poisoned_path /egr/research-dselab/renjie3/renjie/improved-diffusion/results/72/adv_noise
---------------------------------------------------------------
Wed Nov 16 00:06:06 EST 2022
75
GPU_ID=4
mpiexec -n 1 python -u scripts/image_train.py --data_dir /localscratch/renjie/mnist_train_01 --image_size 32 --num_channels 128 --num_res_blocks 3 --dropout 0.3 --learn_sigma False --num_input_channels 1 --diffusion_steps 4000 --noise_schedule cosine --save_interval 5000 --lr 1e-4 --batch_size 100 --microbatch -1 --class_cond False --load_model False --model_path /egr/research-dselab/renjie3/renjie/improved-diffusion/results/58/model060000.pt --mode train --output_index True --output_class True --adv_noise_num 5923 --adv_step 30 --save_forward_clean_sample False --single_target_image_id 5000 --adv_loss_type forward_bachword_loss --group_model_dir /egr/research-dselab/renjie3/renjie/improved-diffusion/results/58 --group_model False --group_model_num 6 --random_noise_every_adv_step True --t_seg_num 8 --t_seg_start 3 --eot_gaussian_num 1 --adv_epsilon 0.1256 --adv_alpha 0.01256 --poisoned True --poisoned_path /egr/research-dselab/renjie3/renjie/improved-diffusion/results/73/adv_noise
---------------------------------------------------------------
Mon 21 Nov 2022 11:08:15 PM EST
76
GPU_ID=1,3
mpiexec -n 2 python -u scripts/image_train.py --data_dir /localscratch/renjie/cifar_train_5000 --image_size 32 --num_channels 128 --num_res_blocks 3 --dropout 0.3 --learn_sigma False --num_input_channels 3 --diffusion_steps 4000 --noise_schedule cosine --save_interval 10000 --lr 1e-4 --batch_size 128 --microbatch -1 --class_cond False --load_model True --model_path /egr/research-dselab/renjie3/renjie/improved-diffusion/results/30/model166400.pt --mode train --output_index True --output_class True --adv_noise_num 5923 --adv_step 30 --save_forward_clean_sample False --single_target_image_id 5000 --adv_loss_type negative_forward_bachword_loss --group_model_dir /egr/research-dselab/renjie3/renjie/improved-diffusion/results/58 --group_model True --group_model_num 6 --random_noise_every_adv_step True --t_seg_num 8 --t_seg_start 3 --eot_gaussian_num 1 --poisoned False --poisoned_path /egr/research-dselab/renjie3/renjie/improved-diffusion/results/61/adv_noise
---------------------------------------------------------------
Mon 21 Nov 2022 11:08:40 PM EST
77
GPU_ID=5,6
mpiexec -n 2 python -u scripts/image_train.py --data_dir /localscratch/renjie/cifar_train_20000 --image_size 32 --num_channels 128 --num_res_blocks 3 --dropout 0.3 --learn_sigma False --num_input_channels 3 --diffusion_steps 4000 --noise_schedule cosine --save_interval 10000 --lr 1e-4 --batch_size 128 --microbatch -1 --class_cond False --load_model True --model_path /egr/research-dselab/renjie3/renjie/improved-diffusion/results/30/model166400.pt --mode train --output_index True --output_class True --adv_noise_num 5923 --adv_step 30 --save_forward_clean_sample False --single_target_image_id 5000 --adv_loss_type negative_forward_bachword_loss --group_model_dir /egr/research-dselab/renjie3/renjie/improved-diffusion/results/58 --group_model True --group_model_num 6 --random_noise_every_adv_step True --t_seg_num 8 --t_seg_start 3 --eot_gaussian_num 1 --poisoned False --poisoned_path /egr/research-dselab/renjie3/renjie/improved-diffusion/results/61/adv_noise
---------------------------------------------------------------
Tue 22 Nov 2022 07:53:00 PM EST
78
GPU_ID=3,6
mpiexec -n 2 python -u scripts/image_train.py --data_dir /localscratch/renjie/cifar_train_5class_10000 --image_size 32 --num_channels 128 --num_res_blocks 3 --dropout 0.3 --learn_sigma False --num_input_channels 3 --diffusion_steps 1000 --noise_schedule cosine --save_interval 10000 --lr 1e-4 --batch_size 128 --microbatch -1 --class_cond False --load_model True --model_path /egr/research-dselab/renjie3/renjie/improved-diffusion/results/30/model166400.pt --mode train --output_index True --output_class True --adv_noise_num 5923 --adv_step 30 --save_forward_clean_sample False --single_target_image_id 5000 --adv_loss_type negative_forward_bachword_loss --group_model_dir /egr/research-dselab/renjie3/renjie/improved-diffusion/results/58 --group_model True --group_model_num 6 --random_noise_every_adv_step True --t_seg_num 8 --t_seg_start 3 --eot_gaussian_num 1 --poisoned False --poisoned_path /egr/research-dselab/renjie3/renjie/improved-diffusion/results/61/adv_noise
---------------------------------------------------------------
Tue 22 Nov 2022 07:55:08 PM EST
79
GPU_ID=5,7
mpiexec -n 2 python -u scripts/image_train.py --data_dir /localscratch/renjie/cifar_train_5000 --image_size 32 --num_channels 128 --num_res_blocks 3 --dropout 0.3 --learn_sigma False --num_input_channels 3 --diffusion_steps 1000 --noise_schedule cosine --save_interval 10000 --lr 1e-4 --batch_size 128 --microbatch -1 --class_cond False --load_model True --model_path /egr/research-dselab/renjie3/renjie/improved-diffusion/results/30/model166400.pt --mode train --output_index True --output_class True --adv_noise_num 5923 --adv_step 30 --save_forward_clean_sample False --single_target_image_id 5000 --adv_loss_type negative_forward_bachword_loss --group_model_dir /egr/research-dselab/renjie3/renjie/improved-diffusion/results/58 --group_model True --group_model_num 6 --random_noise_every_adv_step True --t_seg_num 8 --t_seg_start 3 --eot_gaussian_num 1 --poisoned False --poisoned_path /egr/research-dselab/renjie3/renjie/improved-diffusion/results/61/adv_noise
---------------------------------------------------------------
Tue Nov 22 20:05:47 EST 2022
65581825
train sub_cifar
#SBATCH --time=47:59:00
#SBATCH --cpus-per-task=10
#SBATCH --gres=gpu:v100:2
mpiexec -n 2 python -u scripts/image_train.py --data_dir /mnt/home/renjie3/Documents/unlearnable/diffusion/improved-diffusion/datasets/cifar_train_5000 --image_size 32 --num_channels 128 --num_res_blocks 3 --dropout 0.3 --learn_sigma False --num_input_channels 3 --diffusion_steps 4000 --noise_schedule cosine --save_interval 10000 --lr 1e-4 --batch_size 128 --microbatch -1 --class_cond False --load_model True --model_path /egr/research-dselab/renjie3/renjie/improved-diffusion/results/30/model166400.pt --mode train --output_index True --output_class True --adv_noise_num 5923 --adv_step 30 --save_forward_clean_sample False --single_target_image_id 5000 --adv_loss_type negative_forward_bachword_loss --group_model_dir /egr/research-dselab/renjie3/renjie/improved-diffusion/results/58 --group_model True --group_model_num 6 --random_noise_every_adv_step True --t_seg_num 8 --t_seg_start 3 --eot_gaussian_num 1 --poisoned False --poisoned_path /egr/research-dselab/renjie3/renjie/improved-diffusion/results/61/adv_noise
---------------------------------------------------------------
Tue Nov 22 20:06:30 EST 2022
65581837
train sub_cifar
#SBATCH --time=47:59:00
#SBATCH --cpus-per-task=5
#SBATCH --gres=gpu:v100:2
mpiexec -n 2 python -u scripts/image_train.py --data_dir /mnt/home/renjie3/Documents/unlearnable/diffusion/improved-diffusion/datasets/cifar_train_5000 --image_size 32 --num_channels 128 --num_res_blocks 3 --dropout 0.3 --learn_sigma False --num_input_channels 3 --diffusion_steps 4000 --noise_schedule cosine --save_interval 10000 --lr 1e-4 --batch_size 128 --microbatch -1 --class_cond False --load_model True --model_path /egr/research-dselab/renjie3/renjie/improved-diffusion/results/30/model166400.pt --mode train --output_index True --output_class True --adv_noise_num 5923 --adv_step 30 --save_forward_clean_sample False --single_target_image_id 5000 --adv_loss_type negative_forward_bachword_loss --group_model_dir /egr/research-dselab/renjie3/renjie/improved-diffusion/results/58 --group_model True --group_model_num 6 --random_noise_every_adv_step True --t_seg_num 8 --t_seg_start 3 --eot_gaussian_num 1 --poisoned False --poisoned_path /egr/research-dselab/renjie3/renjie/improved-diffusion/results/61/adv_noise
---------------------------------------------------------------
Tue Nov 22 20:06:58 EST 2022
65581841
train sub_cifar
#SBATCH --time=47:59:00
#SBATCH --cpus-per-task=5
#SBATCH --gres=gpu:v100:2
mpiexec -n 2 python -u scripts/image_train.py --data_dir /mnt/home/renjie3/Documents/unlearnable/diffusion/improved-diffusion/datasets/cifar_train_5class_10000 --image_size 32 --num_channels 128 --num_res_blocks 3 --dropout 0.3 --learn_sigma False --num_input_channels 3 --diffusion_steps 4000 --noise_schedule cosine --save_interval 10000 --lr 1e-4 --batch_size 128 --microbatch -1 --class_cond False --load_model True --model_path /egr/research-dselab/renjie3/renjie/improved-diffusion/results/30/model166400.pt --mode train --output_index True --output_class True --adv_noise_num 5923 --adv_step 30 --save_forward_clean_sample False --single_target_image_id 5000 --adv_loss_type negative_forward_bachword_loss --group_model_dir /egr/research-dselab/renjie3/renjie/improved-diffusion/results/58 --group_model True --group_model_num 6 --random_noise_every_adv_step True --t_seg_num 8 --t_seg_start 3 --eot_gaussian_num 1 --poisoned False --poisoned_path /egr/research-dselab/renjie3/renjie/improved-diffusion/results/61/adv_noise
---------------------------------------------------------------
